The system is: Windows - 10.0.22621 - AMD64
Compiling the C compiler identification source file "CMakeCCompilerId.c" succeeded.
Compiler: C:/Program Files/Microsoft Visual Studio/2022/Community/VC/Tools/MSVC/14.34.31933/bin/Hostx86/x64/cl.exe 
Build flags: 
Id flags:  

The output was:
0
Microsoft (R) C/C++-Optimierungscompiler Version 19.34.31937 für x64
Copyright (C) Microsoft Corporation. Alle Rechte vorbehalten.

CMakeCCompilerId.c
Microsoft (R) Incremental Linker Version 14.34.31937.0
Copyright (C) Microsoft Corporation.  All rights reserved.

/out:CMakeCCompilerId.exe 
CMakeCCompilerId.obj 


Compilation of the C compiler identification source "CMakeCCompilerId.c" produced "CMakeCCompilerId.exe"

Compilation of the C compiler identification source "CMakeCCompilerId.c" produced "CMakeCCompilerId.obj"

The C compiler identification is MSVC, found in "D:/Development/Coding/cpp/Jaut/build/release/vs/_deps/juce-build/tools/CMakeFiles/3.23.2/CompilerIdC/CMakeCCompilerId.exe"

Compiling the CXX compiler identification source file "CMakeCXXCompilerId.cpp" succeeded.
Compiler: C:/Program Files/Microsoft Visual Studio/2022/Community/VC/Tools/MSVC/14.34.31933/bin/Hostx86/x64/cl.exe 
Build flags: 
Id flags:  

The output was:
0
Microsoft (R) C/C++-Optimierungscompiler Version 19.34.31937 für x64
Copyright (C) Microsoft Corporation. Alle Rechte vorbehalten.

CMakeCXXCompilerId.cpp
Microsoft (R) Incremental Linker Version 14.34.31937.0
Copyright (C) Microsoft Corporation.  All rights reserved.

/out:CMakeCXXCompilerId.exe 
CMakeCXXCompilerId.obj 


Compilation of the CXX compiler identification source "CMakeCXXCompilerId.cpp" produced "CMakeCXXCompilerId.exe"

Compilation of the CXX compiler identification source "CMakeCXXCompilerId.cpp" produced "CMakeCXXCompilerId.obj"

The CXX compiler identification is MSVC, found in "D:/Development/Coding/cpp/Jaut/build/release/vs/_deps/juce-build/tools/CMakeFiles/3.23.2/CompilerIdCXX/CMakeCXXCompilerId.exe"

Detecting C compiler ABI info compiled with the following output:
Change Dir: D:/Development/Coding/cpp/Jaut/build/release/vs/_deps/juce-build/tools/CMakeFiles/CMakeTmp

Run Build Command(s):C:/Users/elend/AppData/Local/JetBrains/Toolbox/apps/CLion/ch-0/222.4345.21/bin/ninja/win/ninja.exe cmTC_64ab5 && [1/2] Building C object CMakeFiles\cmTC_64ab5.dir\CMakeCCompilerABI.c.obj
[2/2] Linking C executable cmTC_64ab5.exe



Detecting CXX compiler ABI info compiled with the following output:
Change Dir: D:/Development/Coding/cpp/Jaut/build/release/vs/_deps/juce-build/tools/CMakeFiles/CMakeTmp

Run Build Command(s):C:/Users/elend/AppData/Local/JetBrains/Toolbox/apps/CLion/ch-0/222.4345.21/bin/ninja/win/ninja.exe cmTC_be6be && [1/2] Building CXX object CMakeFiles\cmTC_be6be.dir\CMakeCXXCompilerABI.cpp.obj
[2/2] Linking CXX executable cmTC_be6be.exe



